Voy a revisar los tests de integración implementados para esta tarea.
## Revisión de Tests de Integración (#009)

### Archivos revisados:
- `tests/test-cli-integration.js` (17 tests)
- `tests/test-git-integration.js` (18 tests)

### Verificación ejecutada:
```
CLI Integration: ✅ 17 pasaron, 0 fallaron
Git Integration:  ✅ 18 pasaron, 0 fallaron
```

### Aspectos positivos:
- Aislamiento correcto con directorios temporales (`.test-cli-integration`, `.test-git-integration`)
- Cleanup apropiado en `finally` block
- Tests async/await implementados correctamente para GitService
- Script `npm run test:integration` configurado en package.json
- Cobertura adecuada: help/version, CRUD de tareas, movimiento entre columnas, operaciones git completas (checkout, branch, commit, merge, abort, verify)

### Sin problemas detectados:
- Sin bugs de lógica
- Sin vulnerabilidades de seguridad
- Convenciones del proyecto respetadas
- Funcionalidad existente no afectada

REVIEW: aprobado - 35 tests de integración bien estructurados, todos pasando, con setup/cleanup correctos y cobertura completa de CLI y GitService.
