All 17 tests pass. Now let me compile my review.

---

## Revisión de Código - Tarea #004: Sistema de Notificaciones Push con WebSockets

### Archivos revisados:
- `src/core/notifications.js` (nuevo)
- `src/ui/server.js` (modificado)
- `src/ui/public/app.js` (modificado)
- `src/ui/public/index.html` (modificado)
- `src/ui/public/style.css` (modificado)
- `tests/test-notifications.js` (nuevo)
- `package.json` (modificado)

### Verificación del plan:

| Requisito | Estado |
|-----------|--------|
| `src/core/notifications.js` con NotificationManager, historial, tipos, prioridades, mark-read | OK |
| `ws` agregado a package.json | OK |
| WebSocketServer sobre http.Server existente en server.js | OK |
| Instanciar NotificationManager | OK |
| `broadcastChange()` usa `notifications.broadcast()` + SSE fallback | OK |
| `GET /api/notifications` | OK |
| `PUT /api/notifications/read` | OK |
| WebSocket como transporte primario con fallback SSE en app.js | OK |
| Notification Center con historial, badge, reconexión backoff | OK |
| Panel dropdown en index.html junto al bell icon | OK |
| Estilos del notification center en style.css | OK |
| Tests del NotificationManager | OK (17/17 pasan) |

### Calidad del código:

**Positivo:**
- `notifications.js` es limpio, bien encapsulado, con historial limitado a 200 entradas
- El SSE se mantiene como fallback funcional, no se rompe
- El WebSocket tiene reconexión con backoff exponencial (1s -> 30s max)
- El `broadcastChange()` en server.js envía por ambos canales (SSE + WS) correctamente
- Cada acción CRUD en el server emite notificaciones tipadas con metadata
- El frontend maneja correctamente los 4 tipos de eventos WS: `notification`, `notification:read`, `notification:allRead`, `board:change`
- Tests cubren todos los escenarios: CRUD, limites, broadcast, clientes desconectados, prioridades, IDs secuenciales
- Click fuera del dropdown lo cierra, Escape también
- `escapeHtml()` se usa consistentemente en el render de notificaciones (sin XSS)
- El `markRead` en el servidor emite broadcast para sincronizar múltiples clientes

**Sin problemas detectados:**
- No hay bugs de lógica
- No hay vulnerabilidades de seguridad (escaping correcto, sin inyecciones)
- Las convenciones del proyecto se respetan (mismo estilo, misma estructura)
- La funcionalidad existente (SSE, drag&drop, filtros, modales) no se rompió
- El protocolo WS/wss se selecciona correctamente según `location.protocol`

REVIEW: aprobado - Implementación completa y sólida. NotificationManager bien encapsulado, WebSocket con fallback SSE correcto, UI del notification center funcional, 17 tests pasan, sin bugs ni vulnerabilidades detectadas.
